<?xml version="1.0" encoding="UTF-8"?>
<!-- Generated by org.testng.reporters.JUnitReportReporter -->
<testsuite hostname="TarushDubale" failures="0" tests="2" name="test.AnnotationsConcepts" time="0.016" errors="0" timestamp="2024-05-01T21:49:46 IST" skipped="0">
  <testcase classname="test.AnnotationsConcepts" name="testCaseOne" time="0.012"/>
  <system-out/>
  <testcase classname="test.AnnotationsConcepts" name="testCaseTwo" time="0.004"/>
  <system-out/>
</testsuite> <!-- test.AnnotationsConcepts -->
