<?xml version="1.0" encoding="UTF-8"?>
<!-- Generated by org.testng.reporters.JUnitReportReporter -->
<testsuite hostname="TarushDubale" failures="0" tests="4" name="group.GroupingConcept" time="0.014" errors="0" timestamp="2024-05-05T11:14:09 IST" skipped="0">
  <testcase classname="group.GroupingConcept" name="testCaseTwo" time="0.001"/>
  <system-out/>
  <testcase classname="group.GroupingConcept" name="testCaseFour" time="0.010"/>
  <system-out/>
  <testcase classname="group.GroupingConcept" name="testCaseOne" time="0.001"/>
  <system-out/>
  <testcase classname="group.GroupingConcept" name="testCaseThree" time="0.002"/>
  <system-out/>
</testsuite> <!-- group.GroupingConcept -->
