<?xml version="1.0" encoding="UTF-8"?>
<!-- Generated by org.testng.reporters.JUnitReportReporter -->
<testsuite hostname="TarushDubale" failures="0" tests="2" name="test.BeforeAfterClassAnnotation" time="2.727" errors="0" timestamp="2024-05-02T21:32:43 IST" skipped="0">
  <testcase classname="test.BeforeAfterClassAnnotation" name="login" time="2.677"/>
  <system-out/>
  <testcase classname="test.BeforeAfterClassAnnotation" name="verify" time="0.050"/>
  <system-out/>
</testsuite> <!-- test.BeforeAfterClassAnnotation -->
