<?xml version="1.0" encoding="UTF-8"?>
<!-- Generated by org.testng.reporters.JUnitReportReporter -->
<testsuite hostname="TarushDubale" failures="0" tests="1" name="para.TestNGParametrization" time="38.461" errors="0" timestamp="2024-05-05T11:36:00 IST" skipped="0">
  <testcase classname="para.TestNGParametrization" name="loginTest" time="38.461"/>
  <system-out/>
</testsuite> <!-- para.TestNGParametrization -->
