<?xml version="1.0" encoding="UTF-8"?>
<!-- Generated by org.testng.reporters.JUnitReportReporter -->
<testsuite hostname="TarushDubale" failures="0" tests="2" name="test.DataProviderDemo" time="0.015" errors="0" timestamp="2024-05-08T17:17:12 IST" skipped="0">
  <testcase classname="test.DataProviderDemo" name="f" time="0.014"/>
  <system-out/>
  <testcase classname="test.DataProviderDemo" name="f" time="0.001"/>
  <system-out/>
</testsuite> <!-- test.DataProviderDemo -->
