<?xml version="1.0" encoding="UTF-8"?>
<!-- Generated by org.testng.reporters.JUnitReportReporter -->
<testsuite hostname="TarushDubale" failures="0" tests="3" name="para.DataProverClass" time="0.017" errors="0" timestamp="2024-05-06T20:29:03 IST" skipped="0">
  <testcase classname="para.DataProverClass" name="login" time="0.001"/>
  <system-out/>
  <testcase classname="para.DataProverClass" name="login" time="0.002"/>
  <system-out/>
  <testcase classname="para.DataProverClass" name="login" time="0.014"/>
  <system-out/>
</testsuite> <!-- para.DataProverClass -->
