<?xml version="1.0" encoding="UTF-8"?>
<!-- Generated by org.testng.reporters.JUnitReportReporter -->
<testsuite hostname="TarushDubale" failures="0" tests="1" name="parallel.ParallelLogin" time="17.139" errors="0" timestamp="2024-05-05T10:53:47 IST" skipped="0">
  <testcase classname="parallel.ParallelLogin" name="testCaseOne" time="17.139"/>
  <system-out/>
</testsuite> <!-- parallel.ParallelLogin -->
