<?xml version="1.0" encoding="UTF-8"?>
<!-- Generated by org.testng.reporters.JUnitReportReporter -->
<testsuite hostname="TarushDubale" failures="0" tests="3" name="test.LoginClass" time="141.365" errors="0" timestamp="2024-05-01T22:07:49 IST" skipped="0">
  <testcase classname="test.LoginClass" name="login" time="47.883"/>
  <system-out/>
  <testcase classname="test.LoginClass" name="loginPassword" time="46.239"/>
  <system-out/>
  <testcase classname="test.LoginClass" name="invaildUsername" time="47.243"/>
  <system-out/>
</testsuite> <!-- test.LoginClass -->
