<?xml version="1.0" encoding="UTF-8"?>
<!-- Generated by org.testng.reporters.JUnitReportReporter -->
<testsuite hostname="TarushDubale" failures="0" tests="5" name="test.EnableDisable" time="0.020" errors="0" timestamp="2024-05-02T21:39:56 IST" skipped="1">
  <testcase classname="test.EnableDisable" name="testcaseFour" time="0.013"/>
  <system-out/>
  <testcase classname="test.EnableDisable" name="testcaseOne" time="0.003"/>
  <system-out/>
  <testcase classname="test.EnableDisable" name="testcaseThree" time="0.002"/>
  <system-out/>
  <testcase classname="test.EnableDisable" name="testcaseTwo" time="0.002"/>
  <system-out/>
  <testcase classname="test.EnableDisable" name="testcaseFive">
    <skipped/>
  </testcase> <!-- testcaseFive -->
  <system-out/>
</testsuite> <!-- test.EnableDisable -->
