<?xml version="1.0" encoding="UTF-8"?>
<!-- Generated by org.testng.reporters.JUnitReportReporter -->
<testsuite hostname="TarushDubale" failures="0" tests="3" name="parallel.ParallelOne" time="0.004" errors="0" timestamp="2024-05-05T10:47:51 IST" skipped="0">
  <testcase classname="parallel.ParallelOne" name="testCaseThree" time="0.001"/>
  <system-out/>
  <testcase classname="parallel.ParallelOne" name="testCaseOne" time="0.002"/>
  <system-out/>
  <testcase classname="parallel.ParallelOne" name="testCaseTwo" time="0.001"/>
  <system-out/>
</testsuite> <!-- parallel.ParallelOne -->
