<?xml version="1.0" encoding="UTF-8"?>
<!-- Generated by org.testng.reporters.JUnitReportReporter -->
<testsuite hostname="TarushDubale" failures="0" tests="1" name="test.TestNGClass" time="19.373" errors="0" timestamp="2024-05-01T21:37:02 IST" skipped="0">
  <testcase classname="test.TestNGClass" name="testcase" time="19.373"/>
  <system-out/>
</testsuite> <!-- test.TestNGClass -->
