<?xml version="1.0" encoding="UTF-8"?>
<!-- Generated by org.testng.reporters.JUnitReportReporter -->
<testsuite hostname="TarushDubale" failures="0" tests="3" name="parallel.ParallelTwo" time="0.015" errors="0" timestamp="2024-05-05T10:47:51 IST" skipped="0">
  <testcase classname="parallel.ParallelTwo" name="testCaseOne" time="0.010"/>
  <system-out/>
  <testcase classname="parallel.ParallelTwo" name="testCaseThree" time="0.003"/>
  <system-out/>
  <testcase classname="parallel.ParallelTwo" name="testCaseTwo" time="0.002"/>
  <system-out/>
</testsuite> <!-- parallel.ParallelTwo -->
