<?xml version="1.0" encoding="UTF-8"?>
<!-- Generated by org.testng.reporters.JUnitReportReporter -->
<testsuite hostname="TarushDubale" failures="0" tests="5" name="test.DependsOnMethods" time="0.022" errors="0" timestamp="2024-05-02T21:45:01 IST" skipped="0">
  <testcase classname="test.DependsOnMethods" name="testcaseOne" time="0.003"/>
  <system-out/>
  <testcase classname="test.DependsOnMethods" name="testcaseTwo" time="0.002"/>
  <system-out/>
  <testcase classname="test.DependsOnMethods" name="testcaseFive" time="0.014"/>
  <system-out/>
  <testcase classname="test.DependsOnMethods" name="testcaseThree" time="0.001"/>
  <system-out/>
  <testcase classname="test.DependsOnMethods" name="testcaseFour" time="0.002"/>
  <system-out/>
</testsuite> <!-- test.DependsOnMethods -->
