<?xml version="1.0" encoding="UTF-8"?>
<!-- Generated by org.testng.reporters.JUnitReportReporter -->
<testsuite hostname="TarushDubale" failures="0" tests="3" name="para.ImplementationDataProvider" time="142.915" errors="0" timestamp="2024-05-08T17:26:43 IST" skipped="0">
  <testcase classname="para.ImplementationDataProvider" name="login" time="51.847"/>
  <system-out/>
  <testcase classname="para.ImplementationDataProvider" name="login" time="45.599"/>
  <system-out/>
  <testcase classname="para.ImplementationDataProvider" name="login" time="45.469"/>
  <system-out/>
</testsuite> <!-- para.ImplementationDataProvider -->
