<?xml version="1.0" encoding="UTF-8"?>
<!-- Generated by org.testng.reporters.JUnitReportReporter -->
<testsuite hostname="TarushDubale" failures="0" tests="3" name="test.BeforeMethodConcept" time="0.016" errors="0" timestamp="2024-05-02T21:18:54 IST" skipped="0">
  <testcase classname="test.BeforeMethodConcept" name="TestCaseTwo" time="0.009"/>
  <system-out/>
  <testcase classname="test.BeforeMethodConcept" name="TestCaseThree" time="0.003"/>
  <system-out/>
  <testcase classname="test.BeforeMethodConcept" name="TestCaseOne" time="0.004"/>
  <system-out/>
</testsuite> <!-- test.BeforeMethodConcept -->
